<?xml version="1.0" encoding="UTF-8"?>
<!-- Generated by org.testng.reporters.JUnitReportReporter -->
<testsuite hostname="DESKTOP-2QJGHUA" failures="0" tests="3" name="ExcersiseOFTestNG.PracticeClass2" time="0.027" errors="0" timestamp="2022-08-14T09:10:34 IST" skipped="0">
  <testcase classname="ExcersiseOFTestNG.PracticeClass2" name="m5" time="0.018"/>
  <system-out/>
  <testcase classname="ExcersiseOFTestNG.PracticeClass2" name="m6" time="0.004"/>
  <system-out/>
  <testcase classname="ExcersiseOFTestNG.PracticeClass2" name="m7" time="0.005"/>
  <system-out/>
</testsuite> <!-- ExcersiseOFTestNG.PracticeClass2 -->
