<?xml version="1.0" encoding="UTF-8"?>
<!-- Generated by org.testng.reporters.JUnitReportReporter -->
<testsuite hostname="DESKTOP-2QJGHUA" failures="0" tests="4" name="ExcersiseOFTestNG.Practice1" time="0.026" errors="0" timestamp="2022-08-14T06:56:56 IST" skipped="0">
  <testcase classname="ExcersiseOFTestNG.Practice1" name="m1" time="0.015"/>
  <system-out/>
  <testcase classname="ExcersiseOFTestNG.Practice1" name="m2" time="0.003"/>
  <system-out/>
  <testcase classname="ExcersiseOFTestNG.Practice1" name="m3" time="0.004"/>
  <system-out/>
  <testcase classname="ExcersiseOFTestNG.Practice1" name="m4" time="0.004"/>
  <system-out/>
</testsuite> <!-- ExcersiseOFTestNG.Practice1 -->
