<?xml version="1.0" encoding="UTF-8"?>
<!-- Generated by org.testng.reporters.JUnitReportReporter -->
<testsuite hostname="DESKTOP-2QJGHUA" failures="0" tests="1" name="HardAssertionPractice.PracticeofAssert" time="0.085" errors="0" timestamp="2022-08-14T15:13:22 IST" skipped="0">
  <testcase classname="HardAssertionPractice.PracticeofAssert" name="asserprac" time="0.085"/>
  <system-out/>
</testsuite> <!-- HardAssertionPractice.PracticeofAssert -->
