<?xml version="1.0" encoding="UTF-8"?>
<!-- Generated by org.testng.reporters.JUnitReportReporter -->
<testsuite hostname="DESKTOP-2QJGHUA" failures="0" tests="3" name="KeyWordTestNG.DependsON" time="0.023" errors="0" timestamp="2022-08-14T09:36:24 IST" skipped="0">
  <testcase classname="KeyWordTestNG.DependsON" name="test3" time="0.003"/>
  <system-out/>
  <testcase classname="KeyWordTestNG.DependsON" name="test2" time="0.005"/>
  <system-out/>
  <testcase classname="KeyWordTestNG.DependsON" name="test1" time="0.015"/>
  <system-out/>
</testsuite> <!-- KeyWordTestNG.DependsON -->
