<?xml version="1.0" encoding="UTF-8"?>
<!-- Generated by org.testng.reporters.JUnitReportReporter -->
<testsuite hostname="DESKTOP-2QJGHUA" failures="0" tests="3" name="TestSuit1.TestCase2" time="0.028" errors="0" timestamp="2022-08-08T22:38:56 IST" skipped="0">
  <testcase classname="TestSuit1.TestCase2" name="Test5" time="0.018"/>
  <system-out/>
  <testcase classname="TestSuit1.TestCase2" name="Test4" time="0.004"/>
  <system-out/>
  <testcase classname="TestSuit1.TestCase2" name="Test6" time="0.006"/>
  <system-out/>
</testsuite> <!-- TestSuit1.TestCase2 -->
