<?xml version="1.0" encoding="UTF-8"?>
<!-- Generated by org.testng.reporters.JUnitReportReporter -->
<testsuite hostname="DESKTOP-2QJGHUA" failures="0" tests="3" name="ProgramONTest1.Practice1" time="0.049" errors="0" timestamp="2022-08-03T06:20:27 IST" skipped="0">
  <testcase classname="ProgramONTest1.Practice1" name="profilepage" time="0.023"/>
  <system-out>
    <![CDATA[Testing profile page successfully]]>
  </system-out>
  <testcase classname="ProgramONTest1.Practice1" name="notificationpage" time="0.007"/>
  <system-out>
    <![CDATA[Testing notification page successfully]]>
  </system-out>
  <testcase classname="ProgramONTest1.Practice1" name="homepage" time="0.019"/>
  <system-out>
    <![CDATA[Testing homepage successfully]]>
  </system-out>
</testsuite> <!-- ProgramONTest1.Practice1 -->
