<?xml version="1.0" encoding="UTF-8"?>
<!-- Generated by org.testng.reporters.JUnitReportReporter -->
<testsuite hostname="DESKTOP-2QJGHUA" failures="0" tests="3" name="ProgramONTest1.Practice2" time="0.045" errors="0" timestamp="2022-08-13T22:40:16 IST" skipped="0">
  <testcase classname="ProgramONTest1.Practice2" name="testhomepage" time="0.031"/>
  <system-out>
    <![CDATA[tested homepage successfully]]>
  </system-out>
  <testcase classname="ProgramONTest1.Practice2" name="testprofilepage" time="0.009"/>
  <system-out>
    <![CDATA[tested profile page successfully]]>
  </system-out>
  <testcase classname="ProgramONTest1.Practice2" name="testnotificationpage" time="0.005"/>
  <system-out>
    <![CDATA[tested notification page successfully]]>
  </system-out>
</testsuite> <!-- ProgramONTest1.Practice2 -->
