<?xml version="1.0" encoding="UTF-8"?>
<!-- Generated by org.testng.reporters.JUnitReportReporter -->
<testsuite hostname="DESKTOP-2QJGHUA" failures="0" tests="1" name="RegistrationPage.RegistrationTest" time="4.069" errors="0" timestamp="2022-08-10T22:32:15 IST" skipped="0">
  <testcase classname="RegistrationPage.RegistrationTest" name="FacebookRegistrationTestPage" time="4.069"/>
  <system-out/>
</testsuite> <!-- RegistrationPage.RegistrationTest -->
