<?xml version="1.0" encoding="UTF-8"?>
<!-- Generated by org.testng.reporters.JUnitReportReporter -->
<testsuite hostname="DESKTOP-2QJGHUA" failures="0" tests="3" name="ProgramONTest1.Program1st" time="0.040" errors="0" timestamp="2022-08-02T22:19:34 IST" skipped="0">
  <testcase classname="ProgramONTest1.Program1st" name="url" time="0.026"/>
  <system-out>
    <![CDATA[URL is opened]]>
  </system-out>
  <testcase classname="ProgramONTest1.Program1st" name="logout" time="0.005"/>
  <system-out>
    <![CDATA[Logout is successfull]]>
  </system-out>
  <testcase classname="ProgramONTest1.Program1st" name="login" time="0.009"/>
  <system-out>
    <![CDATA[Login is successfull]]>
  </system-out>
</testsuite> <!-- ProgramONTest1.Program1st -->
