<?xml version="1.0" encoding="UTF-8"?>
<!-- Generated by org.testng.reporters.JUnitReportReporter -->
<testsuite hostname="DESKTOP-2QJGHUA" failures="0" tests="3" name="TestSuit1.TestCase3" time="0.021" errors="0" timestamp="2022-08-08T22:38:56 IST" skipped="0">
  <testcase classname="TestSuit1.TestCase3" name="Test9" time="0.010"/>
  <system-out/>
  <testcase classname="TestSuit1.TestCase3" name="Test8" time="0.008"/>
  <system-out/>
  <testcase classname="TestSuit1.TestCase3" name="Test7" time="0.003"/>
  <system-out/>
</testsuite> <!-- TestSuit1.TestCase3 -->
