<?xml version="1.0" encoding="UTF-8"?>
<!-- Generated by org.testng.reporters.JUnitReportReporter -->
<testsuite hostname="DESKTOP-2QJGHUA" failures="0" tests="2" name="Grouping.Testcase3" time="0.007" errors="0" timestamp="2022-08-14T15:09:53 IST" skipped="0">
  <testcase classname="Grouping.Testcase3" name="test8" time="0.004"/>
  <system-out/>
  <testcase classname="Grouping.Testcase3" name="test9" time="0.003"/>
  <system-out/>
</testsuite> <!-- Grouping.Testcase3 -->
