<?xml version="1.0" encoding="UTF-8"?>
<!-- Generated by org.testng.reporters.JUnitReportReporter -->
<testsuite hostname="DESKTOP-2QJGHUA" failures="0" tests="3" name="ProgramONTest1.TestNGTC2" time="0.014" errors="0" timestamp="2022-08-06T16:44:30 IST" skipped="0">
  <testcase classname="ProgramONTest1.TestNGTC2" name="m5" time="0.003"/>
  <system-out/>
  <testcase classname="ProgramONTest1.TestNGTC2" name="m4" time="0.003"/>
  <system-out/>
  <testcase classname="ProgramONTest1.TestNGTC2" name="m6" time="0.008"/>
  <system-out/>
</testsuite> <!-- ProgramONTest1.TestNGTC2 -->
