<?xml version="1.0" encoding="UTF-8"?>
<!-- Generated by org.testng.reporters.JUnitReportReporter -->
<testsuite hostname="DESKTOP-2QJGHUA" failures="0" tests="3" name="ProgramONTest1.TestNGTC1" time="0.029" errors="0" timestamp="2022-08-06T16:44:30 IST" skipped="0">
  <testcase classname="ProgramONTest1.TestNGTC1" name="m1" time="0.017"/>
  <system-out/>
  <testcase classname="ProgramONTest1.TestNGTC1" name="m3" time="0.004"/>
  <system-out/>
  <testcase classname="ProgramONTest1.TestNGTC1" name="m2" time="0.008"/>
  <system-out/>
</testsuite> <!-- ProgramONTest1.TestNGTC1 -->
