<?xml version="1.0" encoding="UTF-8"?>
<!-- Generated by org.testng.reporters.JUnitReportReporter -->
<testsuite hostname="DESKTOP-2QJGHUA" failures="0" tests="3" name="ProgramONTest1.Program2" time="0.080" errors="0" timestamp="2022-08-02T22:46:00 IST" skipped="0">
  <testcase classname="ProgramONTest1.Program2" name="homepage" time="0.043"/>
  <system-out>
    <![CDATA[Tested homepage sucessfully
Log out from application]]>
  </system-out>
  <testcase classname="ProgramONTest1.Program2" name="profilepagetest" time="0.006"/>
  <system-out>
    <![CDATA[Testing on profilepage]]>
  </system-out>
  <testcase classname="ProgramONTest1.Program2" name="notificationpage" time="0.031"/>
  <system-out>
    <![CDATA[Tested notification page sucessfully]]>
  </system-out>
</testsuite> <!-- ProgramONTest1.Program2 -->
