<?xml version="1.0" encoding="UTF-8"?>
<!-- Generated by org.testng.reporters.JUnitReportReporter -->
<testsuite hostname="DESKTOP-2QJGHUA" failures="0" tests="2" name="Grouping.Testcase1" time="0.021" errors="0" timestamp="2022-08-14T15:09:53 IST" skipped="0">
  <testcase classname="Grouping.Testcase1" name="Test3" time="0.005"/>
  <system-out/>
  <testcase classname="Grouping.Testcase1" name="Test2" time="0.016"/>
  <system-out/>
</testsuite> <!-- Grouping.Testcase1 -->
