<?xml version="1.0" encoding="UTF-8"?>
<!-- Generated by org.testng.reporters.JUnitReportReporter -->
<testsuite hostname="DESKTOP-2QJGHUA" failures="0" tests="6" name="KeyWordTestNG.CrossBrowserTesting" time="17.615" errors="0" timestamp="2022-08-14T21:17:01 IST" skipped="0">
  <testcase classname="KeyWordTestNG.CrossBrowserTesting" name="Crossbrowser" time="12.181"/>
  <system-out/>
  <testcase classname="KeyWordTestNG.CrossBrowserTesting" name="verifycurrentURL" time="0.036"/>
  <system-out/>
  <testcase classname="KeyWordTestNG.CrossBrowserTesting" name="varifypageTitle" time="0.035"/>
  <system-out/>
  <testcase classname="KeyWordTestNG.CrossBrowserTesting" name="varifyfieldname" time="0.207"/>
  <system-out/>
  <testcase classname="KeyWordTestNG.CrossBrowserTesting" name="varifypassword" time="0.197"/>
  <system-out/>
  <testcase classname="KeyWordTestNG.CrossBrowserTesting" name="clickonlogin" time="4.959"/>
  <system-out/>
</testsuite> <!-- KeyWordTestNG.CrossBrowserTesting -->
