<?xml version="1.0" encoding="UTF-8"?>
<!-- Generated by org.testng.reporters.JUnitReportReporter -->
<testsuite hostname="DESKTOP-2QJGHUA" failures="0" tests="3" name="ProgramON2.EnablefalsePractice" time="0.039" errors="0" timestamp="2022-08-07T22:01:22 IST" skipped="1">
  <testcase classname="ProgramON2.EnablefalsePractice" name="homepagetest" time="0.016"/>
  <system-out/>
  <testcase classname="ProgramON2.EnablefalsePractice" name="homepagetest" time="0.023"/>
  <system-out/>
  <testcase classname="ProgramON2.EnablefalsePractice" name="profilPage">
    <skipped/>
  </testcase> <!-- profilPage -->
  <system-out/>
</testsuite> <!-- ProgramON2.EnablefalsePractice -->
