<?xml version="1.0" encoding="UTF-8"?>
<!-- Generated by org.testng.reporters.JUnitReportReporter -->
<testsuite hostname="DESKTOP-2QJGHUA" failures="0" tests="1" name="KeyWordTestNG.InvocationCount" time="5.928" errors="0" timestamp="2022-08-14T11:36:07 IST" skipped="0">
  <testcase classname="KeyWordTestNG.InvocationCount" name="launchthebrowser" time="5.928"/>
  <system-out/>
</testsuite> <!-- KeyWordTestNG.InvocationCount -->
