<?xml version="1.0" encoding="UTF-8"?>
<!-- Generated by org.testng.reporters.JUnitReportReporter -->
<testsuite hostname="DESKTOP-2QJGHUA" failures="0" tests="3" name="ProgramONTest1.Programe2testNG" time="0.026" errors="0" timestamp="2022-08-14T06:33:43 IST" skipped="0">
  <testcase classname="ProgramONTest1.Programe2testNG" name="profilepage" time="0.006"/>
  <system-out/>
  <testcase classname="ProgramONTest1.Programe2testNG" name="hompage" time="0.017"/>
  <system-out/>
  <testcase classname="ProgramONTest1.Programe2testNG" name="notificationpage" time="0.003"/>
  <system-out/>
</testsuite> <!-- ProgramONTest1.Programe2testNG -->
