<?xml version="1.0" encoding="UTF-8"?>
<!-- Generated by org.testng.reporters.JUnitReportReporter -->
<testsuite hostname="DESKTOP-2QJGHUA" failures="0" tests="1" name="TestNGSuit2.TestCase02" time="0.003" errors="0" timestamp="2022-08-08T22:44:53 IST" skipped="0">
  <testcase classname="TestNGSuit2.TestCase02" name="test6" time="0.003"/>
  <system-out/>
</testsuite> <!-- TestNGSuit2.TestCase02 -->
