<?xml version="1.0" encoding="UTF-8"?>
<!-- Generated by org.testng.reporters.JUnitReportReporter -->
<testsuite hostname="DESKTOP-2QJGHUA" failures="0" tests="3" name="ExcersiseOFTestNG.Practice2" time="0.017" errors="0" timestamp="2022-08-14T09:10:34 IST" skipped="0">
  <testcase classname="ExcersiseOFTestNG.Practice2" name="m1" time="0.004"/>
  <system-out/>
  <testcase classname="ExcersiseOFTestNG.Practice2" name="m2" time="0.008"/>
  <system-out/>
  <testcase classname="ExcersiseOFTestNG.Practice2" name="m3" time="0.005"/>
  <system-out/>
</testsuite> <!-- ExcersiseOFTestNG.Practice2 -->
