<?xml version="1.0" encoding="UTF-8"?>
<!-- Generated by org.testng.reporters.JUnitReportReporter -->
<testsuite hostname="DESKTOP-2QJGHUA" failures="0" tests="1" name="RegistrationPage.Registrtion1" time="3.858" errors="0" timestamp="2022-08-10T16:10:45 IST" skipped="0">
  <testcase classname="RegistrationPage.Registrtion1" name="FacebookRegistrationPageTest" time="3.858"/>
  <system-out/>
</testsuite> <!-- RegistrationPage.Registrtion1 -->
