<?xml version="1.0" encoding="UTF-8"?>
<!-- Generated by org.testng.reporters.JUnitReportReporter -->
<testsuite hostname="DESKTOP-2QJGHUA" failures="0" tests="3" name="TestSuit1.TestCase1" time="0.029" errors="0" timestamp="2022-08-08T22:38:56 IST" skipped="0">
  <testcase classname="TestSuit1.TestCase1" name="Test1" time="0.019"/>
  <system-out/>
  <testcase classname="TestSuit1.TestCase1" name="Test2" time="0.005"/>
  <system-out/>
  <testcase classname="TestSuit1.TestCase1" name="Test3" time="0.005"/>
  <system-out/>
</testsuite> <!-- TestSuit1.TestCase1 -->
