<?xml version="1.0" encoding="UTF-8"?>
<!-- Generated by org.testng.reporters.JUnitReportReporter -->
<testsuite hostname="DESKTOP-2QJGHUA" failures="0" tests="3" name="ProgramONTest1.TestNGTestCase2" time="0.018" errors="0" timestamp="2022-08-06T16:41:36 IST" skipped="0">
  <testcase classname="ProgramONTest1.TestNGTestCase2" name="m6" time="0.012"/>
  <system-out/>
  <testcase classname="ProgramONTest1.TestNGTestCase2" name="m4" time="0.002"/>
  <system-out/>
  <testcase classname="ProgramONTest1.TestNGTestCase2" name="m5" time="0.004"/>
  <system-out/>
</testsuite> <!-- ProgramONTest1.TestNGTestCase2 -->
