<?xml version="1.0" encoding="UTF-8"?>
<!-- Generated by org.testng.reporters.JUnitReportReporter -->
<testsuite hostname="DESKTOP-2QJGHUA" failures="0" tests="1" name="TestNGSuit2.TestCase03" time="0.005" errors="0" timestamp="2022-08-08T22:44:53 IST" skipped="0">
  <testcase classname="TestNGSuit2.TestCase03" name="test9" time="0.005"/>
  <system-out/>
</testsuite> <!-- TestNGSuit2.TestCase03 -->
