<?xml version="1.0" encoding="UTF-8"?>
<!-- Generated by org.testng.reporters.JUnitReportReporter -->
<testsuite hostname="DESKTOP-2QJGHUA" failures="0" tests="6" name="CrossBrowserTesting.Practice1" time="5.936" errors="0" timestamp="2022-08-14T21:17:01 IST" skipped="0">
  <testcase classname="CrossBrowserTesting.Practice1" name="crossbrowsertesting" time="5.423"/>
  <system-out/>
  <testcase classname="CrossBrowserTesting.Practice1" name="verifiURL" time="0.024"/>
  <system-out/>
  <testcase classname="CrossBrowserTesting.Practice1" name="verifyTitle" time="0.022"/>
  <system-out/>
  <testcase classname="CrossBrowserTesting.Practice1" name="userName" time="0.196"/>
  <system-out/>
  <testcase classname="CrossBrowserTesting.Practice1" name="password" time="0.166"/>
  <system-out/>
  <testcase classname="CrossBrowserTesting.Practice1" name="clickonlogin" time="0.105"/>
  <system-out/>
</testsuite> <!-- CrossBrowserTesting.Practice1 -->
